#
# A fatal error has been detected by the Java Runtime Environment:
#
#  EXCEPTION_ACCESS_VIOLATION (0xc0000005) at pc=0x000000006bdf9738, pid=6692, tid=0x0000000000001360
#
# JRE version: Java(TM) SE Runtime Environment (8.0_92-b14) (build 1.8.0_92-b14)
# Java VM: Java HotSpot(TM) 64-Bit Server VM (25.92-b14 mixed mode windows-amd64 compressed oops)
# Problematic frame:
# V  [jvm.dll+0x139738]
#
# Failed to write core dump. Minidumps are not enabled by default on client versions of Windows
#
# If you would like to submit a bug report, please visit:
#   http://bugreport.java.com/bugreport/crash.jsp
#

---------------  T H R E A D  ---------------

Current thread (0x000000000233d800):  GCTaskThread [stack: 0x00000000125d0000,0x00000000126d0000] [id=4960]

siginfo: ExceptionCode=0xc0000005, reading address 0xffffffffffffffff

Registers:
RAX=0x0000000012820000, RBX=0x0000000000000187, RCX=0x0000000000000000, RDX=0x0000000000000000
RSP=0x00000000126cf360, RBP=0x000000005642a7a0, RSI=0x00000000db361620, RDI=0x0000000000010000
R8 =0x007fffffffb00080, R9 =0x000000005642a7a0, R10=0x00000000000019f3, R11=0x00000000db605bc8
R12=0x00000000db361920, R13=0x0000000000002400, R14=0x00000000db358910, R15=0x0000000000010000
RIP=0x000000006bdf9738, EFLAGS=0x0000000000010246

Top of Stack: (sp=0x00000000126cf360)
0x00000000126cf360:   0000000056b8cfd8 000000006bdd3d2a
0x00000000126cf370:   0000000015b53be8 000000006c06ceb9
0x00000000126cf380:   0000000000000004 000000006bedc2b2
0x00000000126cf390:   0000000000000000 000000000233e120
0x00000000126cf3a0:   0000000002339970 0000000000002200
0x00000000126cf3b0:   0000000000000187 000000006c0b465a
0x00000000126cf3c0:   000000005642a7a0 00000000db358910
0x00000000126cf3d0:   000000006c30da48 00000c2b00000187
0x00000000126cf3e0:   00005dee0000198f 00005def0000198f
0x00000000126cf3f0:   00000000db35991c 00000000db358910
0x00000000126cf400:   0000000000002200 000000006bdf97c1
0x00000000126cf410:   000000005642c130 00000e630000016d
0x00000000126cf420:   000000000233d800 0000000002339970
0x00000000126cf430:   000000000233e130 000000000233e120
0x00000000126cf440:   000000006c30da48 0000000000000001
0x00000000126cf450:   0000000065342260 0000000000000000 

Instructions: (pc=0x000000006bdf9738)
0x000000006bdf9718:   05 d3 cd 6d 00 49 c1 e8 03 49 d3 e8 41 0f b6 c0
0x000000006bdf9728:   49 c1 e8 06 24 3f 0f b6 d0 48 8b 05 e8 cd 6d 00
0x000000006bdf9738:   4a 8b 0c c0 48 0f a3 d1 72 3e 48 8b cf e8 96 0e
0x000000006bdf9748:   fd ff 84 c0 74 32 48 8b d7 48 8b cd e8 67 dd fc 


Register to memory mapping:

RAX=0x0000000012820000 is an unknown value
RBX=0x0000000000000187 is an unknown value
RCX=0x0000000000000000 is an unknown value
RDX=0x0000000000000000 is an unknown value
RSP=0x00000000126cf360 is an unknown value
RBP=0x000000005642a7a0 is an unknown value
RSI=0x00000000db361620 is pointing into object: 0x00000000db358910
[Ljava.util.concurrent.ConcurrentHashMap$Node; 
 - klass: 'java/util/concurrent/ConcurrentHashMap$Node'[]
 - length: 65536
RDI=0x0000000000010000 is an unknown value
R8 =0x007fffffffb00080 is an unknown value
R9 =0x000000005642a7a0 is an unknown value
R10=0x00000000000019f3 is an unknown value
R11=0x00000000db605bc8 is an oop
java.util.concurrent.ConcurrentHashMap$Node 
 - klass: 'java/util/concurrent/ConcurrentHashMap$Node'
R12=0x00000000db361920 is pointing into object: 0x00000000db358910
[Ljava.util.concurrent.ConcurrentHashMap$Node; 
 - klass: 'java/util/concurrent/ConcurrentHashMap$Node'[]
 - length: 65536
R13=0x0000000000002400 is an unknown value
R14=0x00000000db358910 is an oop
[Ljava.util.concurrent.ConcurrentHashMap$Node; 
 - klass: 'java/util/concurrent/ConcurrentHashMap$Node'[]
 - length: 65536
R15=0x0000000000010000 is an unknown value


Stack: [0x00000000125d0000,0x00000000126d0000],  sp=0x00000000126cf360,  free space=1020k
Native frames: (J=compiled Java code, j=interpreted, Vv=VM code, C=native code)
V  [jvm.dll+0x139738]
V  [jvm.dll+0x3f465a]
V  [jvm.dll+0x3f1d20]
V  [jvm.dll+0x3eefbe]
V  [jvm.dll+0x29b34a]
C  [msvcr100.dll+0x21d9f]
C  [msvcr100.dll+0x21e3b]
C  [kernel32.dll+0x159ed]
C  [ntdll.dll+0x2c541]


---------------  P R O C E S S  ---------------

Java Threads: ( => current thread )
  0x000000005f087800 JavaThread "config-5-worker-3" daemon [_thread_blocked, id=4420, stack(0x0000000073ea0000,0x00000000740a0000)]
  0x000000005d57f000 JavaThread "config-5-worker-2" daemon [_thread_blocked, id=5116, stack(0x0000000070b40000,0x0000000070d40000)]
  0x000000005d582800 JavaThread "config-5-worker-1" daemon [_thread_blocked, id=6480, stack(0x000000006ff10000,0x0000000070110000)]
  0x000000005d57f800 JavaThread "config-5-worker-0" daemon [_thread_blocked, id=6552, stack(0x000000006fc80000,0x000000006fe80000)]
  0x000000005d585000 JavaThread "Jack reporter" [_thread_blocked, id=6348, stack(0x000000005aa60000,0x000000005ab60000)]
  0x000000005d57e000 JavaThread "Cache update executor" [_thread_blocked, id=6432, stack(0x000000005fdf0000,0x000000005fef0000)]
  0x0000000058eee000 JavaThread "Stdin handler" [_thread_blocked, id=1392, stack(0x000000005e0f0000,0x000000005e1f0000)]
  0x0000000058eec800 JavaThread "Asynchronous log dispatcher for DefaultDaemonConnection: socket connection from /127.0.0.1:50072 to /127.0.0.1:56854" [_thread_blocked, id=5980, stack(0x000000005af00000,0x000000005b000000)]
  0x0000000058ee9800 JavaThread "Daemon worker Thread 7" [_thread_blocked, id=6688, stack(0x000000005ace0000,0x000000005ade0000)]
  0x0000000058ee8000 JavaThread "Cancel handler" [_thread_blocked, id=6372, stack(0x000000005adf0000,0x000000005aef0000)]
  0x0000000058eea000 JavaThread "Handler for socket connection from /127.0.0.1:50072 to /127.0.0.1:56854" [_thread_in_native, id=4584, stack(0x0000000058590000,0x0000000058690000)]
  0x0000000058ee8800 JavaThread "Daemon Thread 7" [_thread_blocked, id=6404, stack(0x000000005ab70000,0x000000005ac70000)]
  0x0000000058ee7000 JavaThread "File lock request listener" [_thread_in_native, id=7044, stack(0x000000005b060000,0x000000005b160000)]
  0x0000000059470800 JavaThread "Incoming local TCP Connector on port 50072" [_thread_in_native, id=2124, stack(0x000000005a760000,0x000000005a860000)]
  0x0000000059480800 JavaThread "pool-1-thread-1" [_thread_blocked, id=6864, stack(0x000000005a360000,0x000000005a460000)]
  0x0000000057a2e800 JavaThread "Service Thread" daemon [_thread_blocked, id=3332, stack(0x00000000586c0000,0x00000000587c0000)]
  0x00000000579ba800 JavaThread "C1 CompilerThread2" daemon [_thread_blocked, id=4380, stack(0x0000000058480000,0x0000000058580000)]
  0x00000000579b9800 JavaThread "C2 CompilerThread1" daemon [_thread_blocked, id=6516, stack(0x0000000058350000,0x0000000058450000)]
  0x00000000579b2800 JavaThread "C2 CompilerThread0" daemon [_thread_blocked, id=500, stack(0x00000000581e0000,0x00000000582e0000)]
  0x0000000056514800 JavaThread "Attach Listener" daemon [_thread_blocked, id=5464, stack(0x0000000058010000,0x0000000058110000)]
  0x0000000056512800 JavaThread "Signal Dispatcher" daemon [_thread_blocked, id=6824, stack(0x0000000057e60000,0x0000000057f60000)]
  0x00000000564fc000 JavaThread "Finalizer" daemon [_thread_blocked, id=4796, stack(0x00000000578b0000,0x00000000579b0000)]
  0x00000000564b5800 JavaThread "Reference Handler" daemon [_thread_blocked, id=5808, stack(0x0000000057720000,0x0000000057820000)]
  0x00000000024de000 JavaThread "main" [_thread_blocked, id=6148, stack(0x00000000027a0000,0x00000000028a0000)]

Other Threads:
  0x00000000564ae000 VMThread [stack: 0x0000000057550000,0x0000000057650000] [id=6832]
  0x0000000057a55000 WatcherThread [stack: 0x0000000058810000,0x0000000058910000] [id=6852]

=>0x000000000233d800 (exited) GCTaskThread [stack: 0x00000000125d0000,0x00000000126d0000] [id=4960]

VM state:at safepoint (normal execution)

VM Mutex/Monitor currently owned by a thread:  ([mutex/lock_event])
[0x00000000024dc1e0] Threads_lock - owner thread: 0x00000000564ae000
[0x00000000024dc6e0] Heap_lock - owner thread: 0x000000005f087800

Heap:
 PSYoungGen      total 349696K, used 132675K [0x00000000e0000000, 0x0000000100000000, 0x0000000100000000)
  eden space 175104K, 0% used [0x00000000e0000000,0x00000000e0000000,0x00000000eab00000)
  from space 174592K, 75% used [0x00000000eab00000,0x00000000f2c90d20,0x00000000f5580000)
  to   space 174592K, 0% used [0x00000000f5580000,0x00000000f5580000,0x0000000100000000)
 ParOldGen       total 1048576K, used 988538K [0x00000000a0000000, 0x00000000e0000000, 0x00000000e0000000)
  object space 1048576K, 94% used [0x00000000a0000000,0x00000000dc55e940,0x00000000e0000000)
 Metaspace       used 82553K, capacity 85592K, committed 86232K, reserved 1124352K
  class space    used 10511K, capacity 11042K, committed 11264K, reserved 1048576K

Card table byte_map: [0x0000000011f30000,0x0000000012240000] byte_map_base: 0x0000000011a30000

Marking Bits: (ParMarkBitMap*) 0x000000006c4d64f0
 Begin Bits: [0x0000000012820000, 0x0000000014020000)
 End Bits:   [0x0000000014020000, 0x0000000015820000)

Polling page: 0x0000000000150000

CodeCache: size=245760Kb used=59156Kb max_used=62708Kb free=186603Kb
 bounds [0x0000000002b70000, 0x0000000006930000, 0x0000000011b70000]
 total_blobs=18514 nmethods=17697 adapters=725
 compilation: enabled

Compilation events (10 events):
Event: 3322.915 Thread 0x00000000579ba800 23998       3       com.android.jack.jayce.v0004.nodes.NGenericSignature::exportAsJast (33 bytes)
Event: 3322.916 Thread 0x00000000579ba800 nmethod 23998 0x0000000003887b10 code [0x0000000003887c80, 0x0000000003887f10]
Event: 3323.163 Thread 0x00000000579b9800 23999       4       com.android.jack.jayce.v0004.nodes.NLteOperation::importFromJast (44 bytes)
Event: 3323.168 Thread 0x00000000579b9800 nmethod 23999 0x0000000005827150 code [0x00000000058272c0, 0x0000000005827698]
Event: 3323.175 Thread 0x00000000579b2800 24000       4       com.android.jack.ir.ast.JDynamicCastOperation::<init> (38 bytes)
Event: 3323.176 Thread 0x00000000579b2800 nmethod 24000 0x0000000003405810 code [0x0000000003405960, 0x0000000003405a58]
Event: 3323.178 Thread 0x00000000579b9800 24001       4       com.android.jack.jayce.v0004.nodes.NLteOperation::exportAsJast (6 bytes)
Event: 3323.183 Thread 0x00000000579b9800 nmethod 24001 0x0000000004d4ac10 code [0x0000000004d4adc0, 0x0000000004d4b130]
Event: 3323.202 Thread 0x00000000579b2800 24002       4       com.android.jack.jayce.v0004.nodes.NLteOperation::writeContent (17 bytes)
Event: 3323.209 Thread 0x00000000579b2800 nmethod 24002 0x0000000005399390 code [0x0000000005399560, 0x0000000005399a70]

GC Heap History (10 events):
Event: 3319.822 GC heap after
Heap after GC invocations=189 (full 20):
 PSYoungGen      total 340480K, used 84109K [0x00000000e0000000, 0x00000000ff280000, 0x0000000100000000)
  eden space 187392K, 0% used [0x00000000e0000000,0x00000000e0000000,0x00000000eb700000)
  from space 153088K, 54% used [0x00000000eb700000,0x00000000f0923718,0x00000000f4c80000)
  to   space 155136K, 0% used [0x00000000f5b00000,0x00000000f5b00000,0x00000000ff280000)
 ParOldGen       total 1048576K, used 937473K [0x00000000a0000000, 0x00000000e0000000, 0x00000000e0000000)
  object space 1048576K, 89% used [0x00000000a0000000,0x00000000d93807b8,0x00000000e0000000)
 Metaspace       used 82553K, capacity 85592K, committed 86232K, reserved 1124352K
  class space    used 10511K, capacity 11042K, committed 11264K, reserved 1048576K
}
Event: 3320.582 GC heap before
{Heap before GC invocations=190 (full 20):
 PSYoungGen      total 340480K, used 271501K [0x00000000e0000000, 0x00000000ff280000, 0x0000000100000000)
  eden space 187392K, 100% used [0x00000000e0000000,0x00000000eb700000,0x00000000eb700000)
  from space 153088K, 54% used [0x00000000eb700000,0x00000000f0923718,0x00000000f4c80000)
  to   space 155136K, 0% used [0x00000000f5b00000,0x00000000f5b00000,0x00000000ff280000)
 ParOldGen       total 1048576K, used 937473K [0x00000000a0000000, 0x00000000e0000000, 0x00000000e0000000)
  object space 1048576K, 89% used [0x00000000a0000000,0x00000000d93807b8,0x00000000e0000000)
 Metaspace       used 82553K, capacity 85592K, committed 86232K, reserved 1124352K
  class space    used 10511K, capacity 11042K, committed 11264K, reserved 1048576K
Event: 3320.689 GC heap after
Heap after GC invocations=190 (full 20):
 PSYoungGen      total 348160K, used 100498K [0x00000000e0000000, 0x0000000100000000, 0x0000000100000000)
  eden space 193024K, 0% used [0x00000000e0000000,0x00000000e0000000,0x00000000ebc80000)
  from space 155136K, 64% used [0x00000000f5b00000,0x00000000fbd24b00,0x00000000ff280000)
  to   space 162304K, 0% used [0x00000000ebc80000,0x00000000ebc80000,0x00000000f5b00000)
 ParOldGen       total 1048576K, used 937473K [0x00000000a0000000, 0x00000000e0000000, 0x00000000e0000000)
  object space 1048576K, 89% used [0x00000000a0000000,0x00000000d93807b8,0x00000000e0000000)
 Metaspace       used 82553K, capacity 85592K, committed 86232K, reserved 1124352K
  class space    used 10511K, capacity 11042K, committed 11264K, reserved 1048576K
}
Event: 3321.460 GC heap before
{Heap before GC invocations=191 (full 20):
 PSYoungGen      total 348160K, used 293522K [0x00000000e0000000, 0x0000000100000000, 0x0000000100000000)
  eden space 193024K, 100% used [0x00000000e0000000,0x00000000ebc80000,0x00000000ebc80000)
  from space 155136K, 64% used [0x00000000f5b00000,0x00000000fbd24b00,0x00000000ff280000)
  to   space 162304K, 0% used [0x00000000ebc80000,0x00000000ebc80000,0x00000000f5b00000)
 ParOldGen       total 1048576K, used 937473K [0x00000000a0000000, 0x00000000e0000000, 0x00000000e0000000)
  object space 1048576K, 89% used [0x00000000a0000000,0x00000000d93807b8,0x00000000e0000000)
 Metaspace       used 82553K, capacity 85592K, committed 86232K, reserved 1124352K
  class space    used 10511K, capacity 11042K, committed 11264K, reserved 1048576K
Event: 3321.679 GC heap after
Heap after GC invocations=191 (full 20):
 PSYoungGen      total 324608K, used 131361K [0x00000000e0000000, 0x0000000100000000, 0x0000000100000000)
  eden space 193024K, 0% used [0x00000000e0000000,0x00000000e0000000,0x00000000ebc80000)
  from space 131584K, 99% used [0x00000000ebc80000,0x00000000f3cc8658,0x00000000f3d00000)
  to   space 174592K, 0% used [0x00000000f5580000,0x00000000f5580000,0x0000000100000000)
 ParOldGen       total 1048576K, used 937473K [0x00000000a0000000, 0x00000000e0000000, 0x00000000e0000000)
  object space 1048576K, 89% used [0x00000000a0000000,0x00000000d93807b8,0x00000000e0000000)
 Metaspace       used 82553K, capacity 85592K, committed 86232K, reserved 1124352K
  class space    used 10511K, capacity 11042K, committed 11264K, reserved 1048576K
}
Event: 3322.706 GC heap before
{Heap before GC invocations=192 (full 20):
 PSYoungGen      total 324608K, used 324385K [0x00000000e0000000, 0x0000000100000000, 0x0000000100000000)
  eden space 193024K, 100% used [0x00000000e0000000,0x00000000ebc80000,0x00000000ebc80000)
  from space 131584K, 99% used [0x00000000ebc80000,0x00000000f3cc8658,0x00000000f3d00000)
  to   space 174592K, 0% used [0x00000000f5580000,0x00000000f5580000,0x0000000100000000)
 ParOldGen       total 1048576K, used 937473K [0x00000000a0000000, 0x00000000e0000000, 0x00000000e0000000)
  object space 1048576K, 89% used [0x00000000a0000000,0x00000000d93807b8,0x00000000e0000000)
 Metaspace       used 82553K, capacity 85592K, committed 86232K, reserved 1124352K
  class space    used 10511K, capacity 11042K, committed 11264K, reserved 1048576K
Event: 3322.876 GC heap after
Heap after GC invocations=192 (full 20):
 PSYoungGen      total 349696K, used 149691K [0x00000000e0000000, 0x0000000100000000, 0x0000000100000000)
  eden space 175104K, 0% used [0x00000000e0000000,0x00000000e0000000,0x00000000eab00000)
  from space 174592K, 85% used [0x00000000f5580000,0x00000000fe7aeee8,0x0000000100000000)
  to   space 174592K, 0% used [0x00000000eab00000,0x00000000eab00000,0x00000000f5580000)
 ParOldGen       total 1048576K, used 944946K [0x00000000a0000000, 0x00000000e0000000, 0x00000000e0000000)
  object space 1048576K, 90% used [0x00000000a0000000,0x00000000d9acc8f0,0x00000000e0000000)
 Metaspace       used 82553K, capacity 85592K, committed 86232K, reserved 1124352K
  class space    used 10511K, capacity 11042K, committed 11264K, reserved 1048576K
}
Event: 3323.662 GC heap before
{Heap before GC invocations=193 (full 20):
 PSYoungGen      total 349696K, used 324795K [0x00000000e0000000, 0x0000000100000000, 0x0000000100000000)
  eden space 175104K, 100% used [0x00000000e0000000,0x00000000eab00000,0x00000000eab00000)
  from space 174592K, 85% used [0x00000000f5580000,0x00000000fe7aeee8,0x0000000100000000)
  to   space 174592K, 0% used [0x00000000eab00000,0x00000000eab00000,0x00000000f5580000)
 ParOldGen       total 1048576K, used 944946K [0x00000000a0000000, 0x00000000e0000000, 0x00000000e0000000)
  object space 1048576K, 90% used [0x00000000a0000000,0x00000000d9acc8f0,0x00000000e0000000)
 Metaspace       used 82553K, capacity 85592K, committed 86232K, reserved 1124352K
  class space    used 10511K, capacity 11042K, committed 11264K, reserved 1048576K
Event: 3323.884 GC heap after
Heap after GC invocations=193 (full 20):
 PSYoungGen      total 349696K, used 132675K [0x00000000e0000000, 0x0000000100000000, 0x0000000100000000)
  eden space 175104K, 0% used [0x00000000e0000000,0x00000000e0000000,0x00000000eab00000)
  from space 174592K, 75% used [0x00000000eab00000,0x00000000f2c90d20,0x00000000f5580000)
  to   space 174592K, 0% used [0x00000000f5580000,0x00000000f5580000,0x0000000100000000)
 ParOldGen       total 1048576K, used 988538K [0x00000000a0000000, 0x00000000e0000000, 0x00000000e0000000)
  object space 1048576K, 94% used [0x00000000a0000000,0x00000000dc55e940,0x00000000e0000000)
 Metaspace       used 82553K, capacity 85592K, committed 86232K, reserved 1124352K
  class space    used 10511K, capacity 11042K, committed 11264K, reserved 1048576K
}
Event: 3323.884 GC heap before
{Heap before GC invocations=194 (full 21):
 PSYoungGen      total 349696K, used 132675K [0x00000000e0000000, 0x0000000100000000, 0x0000000100000000)
  eden space 175104K, 0% used [0x00000000e0000000,0x00000000e0000000,0x00000000eab00000)
  from space 174592K, 75% used [0x00000000eab00000,0x00000000f2c90d20,0x00000000f5580000)
  to   space 174592K, 0% used [0x00000000f5580000,0x00000000f5580000,0x0000000100000000)
 ParOldGen       total 1048576K, used 988538K [0x00000000a0000000, 0x00000000e0000000, 0x00000000e0000000)
  object space 1048576K, 94% used [0x00000000a0000000,0x00000000dc55e940,0x00000000e0000000)
 Metaspace       used 82553K, capacity 85592K, committed 86232K, reserved 1124352K
  class space    used 10511K, capacity 11042K, committed 11264K, reserved 1048576K

Deoptimization events (10 events):
Event: 3004.136 Thread 0x000000005d585000 Uncommon trap: reason=array_check action=maybe_recompile pc=0x00000000036e6bbc method=java.util.TimSort.mergeHi(IIII)V @ 250
Event: 3004.255 Thread 0x000000005d585000 Uncommon trap: reason=unstable_if action=reinterpret pc=0x00000000066fb4dc method=com.android.jack.eclipse.jdt.internal.compiler.lookup.MethodVerifier15.checkMethods()V @ 751
Event: 3004.255 Thread 0x000000005d585000 Uncommon trap: reason=unstable_if action=reinterpret pc=0x00000000064ca308 method=com.android.jack.eclipse.jdt.internal.compiler.lookup.MethodVerifier15.checkMethods()V @ 751
Event: 3004.336 Thread 0x000000005d585000 Uncommon trap: reason=array_check action=maybe_recompile pc=0x00000000067007e0 method=java.util.TimSort.mergeLo(IIII)V @ 375
Event: 3004.336 Thread 0x000000005d585000 Uncommon trap: reason=predicate action=maybe_recompile pc=0x0000000005f7eb4c method=java.util.TimSort.mergeHi(IIII)V @ 191
Event: 3004.336 Thread 0x000000005d585000 Uncommon trap: reason=array_check action=maybe_recompile pc=0x00000000067007e0 method=java.util.TimSort.mergeLo(IIII)V @ 375
Event: 3318.047 Thread 0x000000005d57f800 Uncommon trap: reason=array_check action=maybe_recompile pc=0x000000000682075c method=java.util.TimSort.mergeHi(IIII)V @ 419
Event: 3318.047 Thread 0x000000005d57f800 Uncommon trap: reason=array_check action=maybe_recompile pc=0x000000000682075c method=java.util.TimSort.mergeHi(IIII)V @ 419
Event: 3318.052 Thread 0x000000005d57f800 Uncommon trap: reason=array_check action=maybe_recompile pc=0x0000000006760ab0 method=java.util.TimSort.mergeHi(IIII)V @ 657
Event: 3318.053 Thread 0x000000005d57f800 Uncommon trap: reason=array_check action=maybe_recompile pc=0x0000000006760ab0 method=java.util.TimSort.mergeHi(IIII)V @ 657

Internal exceptions (10 events):
Event: 3309.878 Thread 0x0000000058ee9800 Exception <a 'sun/nio/fs/WindowsException'> (0x00000000e948d0c8) thrown at [D:\re\workspace\8-2-build-windows-amd64-cygwin\jdk8u92\6642\hotspot\src\share\vm\prims\jni.cpp, line 709]
Event: 3309.879 Thread 0x0000000058ee9800 Exception <a 'sun/nio/fs/WindowsException'> (0x00000000e9492590) thrown at [D:\re\workspace\8-2-build-windows-amd64-cygwin\jdk8u92\6642\hotspot\src\share\vm\prims\jni.cpp, line 709]
Event: 3309.879 Thread 0x0000000058ee9800 Exception <a 'sun/nio/fs/WindowsException'> (0x00000000e94931e0) thrown at [D:\re\workspace\8-2-build-windows-amd64-cygwin\jdk8u92\6642\hotspot\src\share\vm\prims\jni.cpp, line 709]
Event: 3309.879 Thread 0x0000000058ee9800 Exception <a 'sun/nio/fs/WindowsException'> (0x00000000e9494e70) thrown at [D:\re\workspace\8-2-build-windows-amd64-cygwin\jdk8u92\6642\hotspot\src\share\vm\prims\jni.cpp, line 709]
Event: 3309.879 Thread 0x0000000058ee9800 Exception <a 'sun/nio/fs/WindowsException'> (0x00000000e9495af8) thrown at [D:\re\workspace\8-2-build-windows-amd64-cygwin\jdk8u92\6642\hotspot\src\share\vm\prims\jni.cpp, line 709]
Event: 3309.879 Thread 0x0000000058ee9800 Exception <a 'sun/nio/fs/WindowsException'> (0x00000000e949af20) thrown at [D:\re\workspace\8-2-build-windows-amd64-cygwin\jdk8u92\6642\hotspot\src\share\vm\prims\jni.cpp, line 709]
Event: 3309.879 Thread 0x0000000058ee9800 Exception <a 'sun/nio/fs/WindowsException'> (0x00000000e949ba30) thrown at [D:\re\workspace\8-2-build-windows-amd64-cygwin\jdk8u92\6642\hotspot\src\share\vm\prims\jni.cpp, line 709]
Event: 3309.879 Thread 0x0000000058ee9800 Exception <a 'sun/nio/fs/WindowsException'> (0x00000000e949d580) thrown at [D:\re\workspace\8-2-build-windows-amd64-cygwin\jdk8u92\6642\hotspot\src\share\vm\prims\jni.cpp, line 709]
Event: 3309.879 Thread 0x0000000058ee9800 Exception <a 'sun/nio/fs/WindowsException'> (0x00000000e949e0c8) thrown at [D:\re\workspace\8-2-build-windows-amd64-cygwin\jdk8u92\6642\hotspot\src\share\vm\prims\jni.cpp, line 709]
Event: 3310.374 Thread 0x0000000058ee9800 Exception <a 'java/lang/NullPointerException'> (0x00000000e0368160) thrown at [D:\re\workspace\8-2-build-windows-amd64-cygwin\jdk8u92\6642\hotspot\src\share\vm\interpreter\linkResolver.cpp, line 1280]

Events (10 events):
Event: 3321.101 Executing VM operation: RevokeBias done
Event: 3321.101 Executing VM operation: RevokeBias
Event: 3321.101 Executing VM operation: RevokeBias done
Event: 3321.101 Executing VM operation: BulkRevokeBias
Event: 3321.101 Executing VM operation: BulkRevokeBias done
Event: 3321.458 Executing VM operation: ParallelGCFailedAllocation
Event: 3321.679 Executing VM operation: ParallelGCFailedAllocation done
Event: 3322.706 Executing VM operation: ParallelGCFailedAllocation
Event: 3322.876 Executing VM operation: ParallelGCFailedAllocation done
Event: 3323.640 Executing VM operation: ParallelGCFailedAllocation


Dynamic libraries:
0x000000013f9e0000 - 0x000000013fa17000 	C:\Program Files\Java\jdk1.8.0_92\bin\java.exe
0x0000000077920000 - 0x0000000077ac9000 	C:\Windows\SYSTEM32\ntdll.dll
0x0000000077800000 - 0x000000007791f000 	C:\Windows\system32\kernel32.dll
0x000007fefd9c0000 - 0x000007fefda2c000 	C:\Windows\system32\KERNELBASE.dll
0x000007feff670000 - 0x000007feff74b000 	C:\Windows\system32\ADVAPI32.dll
0x000007fefdbe0000 - 0x000007fefdc7f000 	C:\Windows\system32\msvcrt.dll
0x000007feff1f0000 - 0x000007feff20f000 	C:\Windows\SYSTEM32\sechost.dll
0x000007feff210000 - 0x000007feff33d000 	C:\Windows\system32\RPCRT4.dll
0x0000000077700000 - 0x00000000777fa000 	C:\Windows\system32\USER32.dll
0x000007feff5b0000 - 0x000007feff617000 	C:\Windows\system32\GDI32.dll
0x000007fefdc80000 - 0x000007fefdc8e000 	C:\Windows\system32\LPK.dll
0x000007feff750000 - 0x000007feff819000 	C:\Windows\system32\USP10.dll
0x000007fefbe10000 - 0x000007fefc004000 	C:\Windows\WinSxS\amd64_microsoft.windows.common-controls_6595b64144ccf1df_6.0.7601.17514_none_fa396087175ac9ac\COMCTL32.dll
0x000007fefe3e0000 - 0x000007fefe451000 	C:\Windows\system32\SHLWAPI.dll
0x000007fefd520000 - 0x000007fefd577000 	C:\Windows\system32\apphelp.dll
0x000007fef00d0000 - 0x000007fef0121000 	C:\Windows\AppPatch\AppPatch64\AcGenral.DLL
0x000007fefd4f0000 - 0x000007fefd515000 	C:\Windows\system32\SspiCli.dll
0x000007fefdc90000 - 0x000007fefde93000 	C:\Windows\system32\ole32.dll
0x000007fefe460000 - 0x000007feff1e8000 	C:\Windows\system32\SHELL32.dll
0x0000000075160000 - 0x0000000075163000 	C:\Windows\system32\sfc.dll
0x000007fef8420000 - 0x000007fef8430000 	C:\Windows\system32\sfc_os.DLL
0x000007fefda70000 - 0x000007fefda8e000 	C:\Windows\system32\USERENV.dll
0x000007fefd6f0000 - 0x000007fefd6ff000 	C:\Windows\system32\profapi.dll
0x000007fefb5c0000 - 0x000007fefb5d8000 	C:\Windows\system32\dwmapi.dll
0x000007fef83e0000 - 0x000007fef83f8000 	C:\Windows\system32\MPR.dll
0x000007fefdbb0000 - 0x000007fefdbde000 	C:\Windows\system32\IMM32.DLL
0x000007fefdaa0000 - 0x000007fefdba9000 	C:\Windows\system32\MSCTF.dll
0x000000006e640000 - 0x000000006e712000 	C:\Program Files\Java\jdk1.8.0_92\jre\bin\msvcr100.dll
0x000000006bcc0000 - 0x000000006c556000 	C:\Program Files\Java\jdk1.8.0_92\jre\bin\server\jvm.dll
0x000007feee970000 - 0x000007feee979000 	C:\Windows\system32\WSOCK32.dll
0x000007feff620000 - 0x000007feff66d000 	C:\Windows\system32\WS2_32.dll
0x000007fefdea0000 - 0x000007fefdea8000 	C:\Windows\system32\NSI.dll
0x000007fefa9f0000 - 0x000007fefaa2b000 	C:\Windows\system32\WINMM.dll
0x000007fefd0a0000 - 0x000007fefd0ac000 	C:\Windows\system32\VERSION.dll
0x0000000077af0000 - 0x0000000077af7000 	C:\Windows\system32\PSAPI.DLL
0x0000000070d50000 - 0x0000000070d5f000 	C:\Program Files\Java\jdk1.8.0_92\jre\bin\verify.dll
0x0000000070a20000 - 0x0000000070a49000 	C:\Program Files\Java\jdk1.8.0_92\jre\bin\java.dll
0x0000000070a00000 - 0x0000000070a16000 	C:\Program Files\Java\jdk1.8.0_92\jre\bin\zip.dll
0x0000000070950000 - 0x000000007096a000 	C:\Program Files\Java\jdk1.8.0_92\jre\bin\net.dll
0x000007fefcb80000 - 0x000007fefcbd5000 	C:\Windows\system32\mswsock.dll
0x000007fefcb70000 - 0x000007fefcb77000 	C:\Windows\System32\wship6.dll
0x0000000070930000 - 0x0000000070941000 	C:\Program Files\Java\jdk1.8.0_92\jre\bin\nio.dll
0x000007fef2b90000 - 0x000007fef2bae000 	C:\Users\Todd\.gradle\native\23\windows-amd64\native-platform.dll
0x000007fefcbe0000 - 0x000007fefcbf7000 	C:\Windows\system32\CRYPTSP.dll
0x000007fefc8e0000 - 0x000007fefc927000 	C:\Windows\system32\rsaenh.dll
0x000007fefd580000 - 0x000007fefd58f000 	C:\Windows\system32\CRYPTBASE.dll
0x000007fef94f0000 - 0x000007fef9517000 	C:\Windows\system32\IPHLPAPI.DLL
0x000007fef94d0000 - 0x000007fef94db000 	C:\Windows\system32\WINNSI.DLL
0x000007fef9400000 - 0x000007fef9418000 	C:\Windows\system32\dhcpcsvc.DLL
0x000007fef93e0000 - 0x000007fef93f1000 	C:\Windows\system32\dhcpcsvc6.DLL
0x00000000709f0000 - 0x00000000709fd000 	C:\Program Files\Java\jdk1.8.0_92\jre\bin\management.dll
0x0000000070790000 - 0x00000000707b4000 	C:\Program Files\Java\jdk1.8.0_92\jre\bin\sunec.dll
0x0000000070920000 - 0x000000007092b000 	C:\Program Files\Java\jdk1.8.0_92\jre\bin\sunmscapi.dll
0x000007fefd760000 - 0x000007fefd8cc000 	C:\Windows\system32\CRYPT32.dll
0x000007fefd6e0000 - 0x000007fefd6ef000 	C:\Windows\system32\MSASN1.dll
0x000007feeb230000 - 0x000007feeb355000 	C:\Windows\system32\dbghelp.dll

VM Arguments:
jvm_args: -Xmx1536m -Dfile.encoding=windows-1252 -Duser.country=US -Duser.language=en -Duser.variant 
java_command: org.gradle.launcher.daemon.bootstrap.GradleDaemon 3.3
java_class_path (initial): C:\Users\Todd\.gradle\wrapper\dists\gradle-3.3-all\55gk2rcmfc6p2dg9u9ohc3hw9\gradle-3.3\lib\gradle-launcher-3.3.jar
Launcher Type: SUN_STANDARD

Environment Variables:
PATH=C:\Program Files\Haskell\bin;C:\Program Files\Haskell Platform\8.0.1\lib\extralibs\bin;C:\Program Files\Haskell Platform\8.0.1\bin;C:\ProgramData\Oracle\Java\javapath;C:\Program Files (x86)\Common Files\Microsoft Shared\Windows Live;C:\Windows\system32;C:\Windows;C:\Windows\System32\Wbem;C:\Windows\System32\WindowsPowerShell\v1.0\;C:\Program Files (x86)\NVIDIA Corporation\PhysX\Common;C:\Program Files\Haskell Platform\8.0.1\mingw\bin;C:\Users\Todd\AppData\Roaming\cabal\bin;C:\Users\Todd\AppData\Roaming\local\bin;C:\Program Files\Common Files\Microsoft Shared\Windows Live;
USERNAME=Todd
OS=Windows_NT
PROCESSOR_IDENTIFIER=AMD64 Family 21 Model 1 Stepping 2, AuthenticAMD



---------------  S Y S T E M  ---------------

OS: Windows 7 , 64 bit Build 7601 (6.1.7601.18409)

CPU:total 4 (4 cores per cpu, 1 threads per core) family 21 model 1 stepping 2, cmov, cx8, fxsr, mmx, sse, sse2, sse3, ssse3, sse4.1, sse4.2, popcnt, avx, aes, clmul, mmxext, 3dnowpref, lzcnt, sse4a, tsc, tscinvbit, tscinv

Memory: 4k page, physical 8387700k(2394024k free), swap 16773536k(10094936k free)

vm_info: Java HotSpot(TM) 64-Bit Server VM (25.92-b14) for windows-amd64 JRE (1.8.0_92-b14), built on Mar 31 2016 21:03:04 by "java_re" with MS VC++ 10.0 (VS2010)

time: Fri Apr 21 14:05:19 2017
elapsed time: 3324 seconds (0d 0h 55m 24s)

